{"logTime": "0518/233836", "correlationVector":"PcX1IJ6fCpbAUk1mqidNAI.1","action":"SyncServerConnectionManagerRequest", "result":"SYNC_SERVER_OK", "context":{"environment":"Prod_centralus_prod-s01-068-nam-centralus", "migrationStage":"NotStarted", "server":"akswtt00400000m"}}
{"logTime": "0518/233836", "correlationVector":"PcX1IJ6fCpbAUk1mqidNAI.2","action":"ProcessGetUpdates", "result":"Done", "context":{"dataType":"Encryption Keys", "deleted":"0", "process_failed_to_decrypt":"0", "process_pending_decryption":"0", "process_success":"1", "total":"1"}}
{"logTime": "0518/233836", "correlationVector":"7SDIdo+8GAp6Eo6GOUGkgp","action":"SyncServerConnectionManagerRequest", "result":"SYNC_SERVER_OK", "context":{"environment":"", "migrationStage":"", "server":""}}
{"logTime": "0518/233836", "correlationVector":"7SDIdo+8GAp6Eo6GOUGkgp.0","action":"EncryptionKeysFetcher.DownloadKeys:", "result":"Success", "context":Key count: 10, Last key timestamp: 2026-04-16T22:58:36Z}
{"logTime": "0518/233836", "correlationVector":"7SDIdo+8GAp6Eo6GOUGkgp.1","action":"EncryptionKeysManager::SetEncryptionKeys:", "result":"Success", "context":Key names[10]:[dNf2SymFZTsmimz5RUBcFpqkEckioblBYUbcQn2yBeJNSI7SIeMC3N2dIZuHAwJUfZJbzapFkYT+ZnaodDfzDA==][/JxrQILtKE5n+uBdhe7hZTcos7JxvAggLKkk1rbZd7s6V0uj/Ub7kp8EAJjIG0bhuRtiV4etsSf0G4cfDJsyZA==][wbVTv827XynUZSeK0mneAOvVCZoYVjapybGrhfAlhox3hAeo0ifFg3PSS7aDJOYviTxppTYcx1l8w+9Ab+Gc6w==][aXzbl58PFlmHdiOixejmV6Ty8xZpJhCZiT4E4NAm2T4MSehk7NqE+PvAXs6TtyOOfTOVQB7nhImk3lsJeAuoaw==][fkcaHoFccKmrwxVXeq8jnx6/korDy0+VxLrUDgTrZ//PowZlLaOAIA6k9nSChrAuLu2/J1gBS9+ClcNVYZKi3g==][4djES8Ysqum7+qdcBQfyrWUM+F8/lUr/vysOlkchSKBlHUKO+BgNXuQe0AZYfrth9o9ze3lmIqu5DjTlpgPcMA==][eYlG4Za4x1UnKMKLkQ36+t6CanWWQJGhp0IaBGxCdSbjA1JYxHJFlFY5L75p+0gb6iZv0NrF3bFL9N02QXQ5NA==][qtbF9pQmDLDHawZUMlrVDqW1qxsO22pJ53JWa3/tR+aN+m0AgkqRd3TUzC1mn3ZoWXZzfu7rGMWKY3jMaTkFcQ==][oJN6II+WjWRuzTUHjK74QbHZ3QpnPy2ievOzzyy3iX0awHtphkQScpTxymO7shrRsTl2wu8ygQSF20SPupP+mw==][L+k9DQXpZ7ef9PT7f+H3lGdXwr9sdRnNAygKsY3VGUcbvuXgfAlWI4KpcgKNkv/I7918TDK7tPe5gx0Dcf9/HQ==]}
{"logTime": "0518/233836", "correlationVector":"7SDIdo+8GAp6Eo6GOUGkgp.2","action":"EncryptionKeysManager::SetEncryptionKeysWithTimestamps:", "result":"Success", "context":Key timestamps[10]:[2022-10-24T22:35:42Z][2023-06-09T05:02:03Z][2024-02-06T19:01:00Z][2024-09-06T16:25:16Z][2025-06-05T20:00:25Z][2025-12-20T01:30:48Z][2026-03-10T02:46:59Z][2026-03-30T15:40:16Z][2026-04-03T22:47:21Z][2026-04-16T22:58:36Z]}
{"logTime": "0518/233836", "correlationVector":"PcX1IJ6fCpbAUk1mqidNAI","action":"Initial GetUpdates", "result":"", "context":Reason: NEW_CLIENT. cV=PcX1IJ6fCpbAUk1mqidNAI}
{"logTime": "0518/233836", "correlationVector":"PcX1IJ6fCpbAUk1mqidNAI.3","action":"GetUpdates Response", "result":"Success", "context":Received 1 update(s). cV=PcX1IJ6fCpbAUk1mqidNAI.0;server=akswtt00400000m;cloudType=Consumer;environment=Prod_centralus_prod-s01-068-nam-centralus;migrationStage=NotStarted}
{"logTime": "0518/233836", "correlationVector":"eEAWLdFtckN70ikEJIgWTA","action":"Initial GetUpdates", "result":"", "context":Reason: NEWLY_SUPPORTED_DATATYPE. cV=eEAWLdFtckN70ikEJIgWTA}
{"logTime": "0518/233837", "correlationVector":"eEAWLdFtckN70ikEJIgWTA.1","action":"SyncServerConnectionManagerRequest", "result":"SYNC_SERVER_OK", "context":{"environment":"Prod_centralus_prod-s01-068-nam-centralus", "migrationStage":"NotStarted", "server":"akswtt00400001i"}}
{"logTime": "0518/233837", "correlationVector":"eEAWLdFtckN70ikEJIgWTA.2","action":"ProcessGetUpdates", "result":"Done", "context":{"dataType":"Preferences", "deleted":"0", "process_failed_to_decrypt":"0", "process_pending_decryption":"0", "process_success":"77", "total":"77"}}
{"logTime": "0518/233837", "correlationVector":"eEAWLdFtckN70ikEJIgWTA.3","action":"ProcessGetUpdates", "result":"Done", "context":{"dataType":"Passwords", "deleted":"1", "process_failed_to_decrypt":"0", "process_pending_decryption":"0", "process_success":"3", "total":"3"}}
{"logTime": "0518/233837", "correlationVector":"eEAWLdFtckN70ikEJIgWTA.4","action":"ProcessGetUpdates", "result":"Done", "context":{"dataType":"Device Info", "deleted":"0", "process_failed_to_decrypt":"0", "process_pending_decryption":"0", "process_success":"16", "total":"16"}}
{"logTime": "0518/233837", "correlationVector":"eEAWLdFtckN70ikEJIgWTA.5","action":"GetUpdates Response", "result":"Success", "context":Received 96 update(s). cV=eEAWLdFtckN70ikEJIgWTA.0;server=akswtt00400001i;cloudType=Consumer;environment=Prod_centralus_prod-s01-068-nam-centralus;migrationStage=NotStarted}
{"logTime": "0518/233837", "correlationVector":"I6o9zE8+RvNcN21mi/IKKm","action":"Initial GetUpdates", "result":"", "context":Reason: NEWLY_SUPPORTED_DATATYPE. cV=I6o9zE8+RvNcN21mi/IKKm}
{"logTime": "0518/233837", "correlationVector":"I6o9zE8+RvNcN21mi/IKKm.1","action":"SyncServerConnectionManagerRequest", "result":"SYNC_SERVER_OK", "context":{"environment":"Prod_centralus_prod-s01-068-nam-centralus", "migrationStage":"NotStarted", "server":"akswtt00400000w"}}
{"logTime": "0518/233837", "correlationVector":"I6o9zE8+RvNcN21mi/IKKm.2","action":"ProcessGetUpdates", "result":"Done", "context":{"dataType":"Bookmarks", "deleted":"0", "process_failed_to_decrypt":"0", "process_pending_decryption":"0", "process_success":"6", "total":"6"}}
{"logTime": "0518/233837", "correlationVector":"I6o9zE8+RvNcN21mi/IKKm.3","action":"GetUpdates Response", "result":"Success", "context":Received 6 update(s). cV=I6o9zE8+RvNcN21mi/IKKm.0;server=akswtt00400000w;cloudType=Consumer;environment=Prod_centralus_prod-s01-068-nam-centralus;migrationStage=NotStarted}
{"logTime": "0518/233837", "correlationVector":"H3yOWM9GTUn/feH1wtIVZE","action":"Initial GetUpdates", "result":"", "context":Reason: NEWLY_SUPPORTED_DATATYPE. cV=H3yOWM9GTUn/feH1wtIVZE}
{"logTime": "0518/233837", "correlationVector":"H3yOWM9GTUn/feH1wtIVZE.1","action":"SyncServerConnectionManagerRequest", "result":"SYNC_SERVER_OK", "context":{"environment":"Prod_centralus_prod-s01-068-nam-centralus", "migrationStage":"NotStarted", "server":"akswtt00400000f"}}
{"logTime": "0518/233837", "correlationVector":"H3yOWM9GTUn/feH1wtIVZE.2","action":"ProcessGetUpdates", "result":"Done", "context":{"dataType":"Autofill", "deleted":"0", "process_failed_to_decrypt":"0", "process_pending_decryption":"0", "process_success":"6", "total":"6"}}
{"logTime": "0518/233837", "correlationVector":"H3yOWM9GTUn/feH1wtIVZE.3","action":"ProcessGetUpdates", "result":"Done", "context":{"dataType":"Sessions", "deleted":"7", "process_failed_to_decrypt":"0", "process_pending_decryption":"0", "process_success":"11", "total":"11"}}
{"logTime": "0518/233837", "correlationVector":"H3yOWM9GTUn/feH1wtIVZE.4","action":"ProcessGetUpdates", "result":"Done", "context":{"dataType":"Edge Hub App Usage", "deleted":"0", "process_failed_to_decrypt":"0", "process_pending_decryption":"0", "process_success":"1", "total":"1"}}
{"logTime": "0518/233837", "correlationVector":"H3yOWM9GTUn/feH1wtIVZE.5","action":"GetUpdates Response", "result":"Success", "context":Received 18 update(s). cV=H3yOWM9GTUn/feH1wtIVZE.0;server=akswtt00400000f;cloudType=Consumer;environment=Prod_centralus_prod-s01-068-nam-centralus;migrationStage=NotStarted}
{"logTime": "0518/233838", "correlationVector":"9zlF/c8s3gqkD2KwIOpOty","action":"Initial GetUpdates", "result":"", "context":Reason: NEWLY_SUPPORTED_DATATYPE. cV=9zlF/c8s3gqkD2KwIOpOty}
{"logTime": "0518/233838", "correlationVector":"9zlF/c8s3gqkD2KwIOpOty.1","action":"SyncServerConnectionManagerRequest", "result":"SYNC_SERVER_OK", "context":{"environment":"Prod_centralus_prod-s01-068-nam-centralus", "migrationStage":"NotStarted", "server":"akswtt004000016"}}
{"logTime": "0518/233838", "correlationVector":"9zlF/c8s3gqkD2KwIOpOty.2","action":"ProcessGetUpdates", "result":"Done", "context":{"dataType":"History", "deleted":"0", "process_failed_to_decrypt":"0", "process_pending_decryption":"0", "process_success":"17", "total":"17"}}
{"logTime": "0518/233838", "correlationVector":"9zlF/c8s3gqkD2KwIOpOty.3","action":"GetUpdates Response", "result":"Success", "context":Received 17 update(s). cV=9zlF/c8s3gqkD2KwIOpOty.0;server=akswtt004000016;cloudType=Consumer;environment=Prod_centralus_prod-s01-068-nam-centralus;migrationStage=NotStarted}
{"logTime": "0518/233838", "correlationVector":"4rMk1eX4BfnNHE5naHz4sV","action":"Normal GetUpdate request", "result":"", "context":cV=4rMk1eX4BfnNHE5naHz4sV
Nudged types: Sessions, Device Info, User Consents
Refresh requested types: Bookmarks, Preferences, Passwords, Autofill Profiles, Autofill, Extensions, Sessions, Extension settings, History Delete Directives, Device Info, User Consents, Send Tab To Self, Web Apps, History, Saved Tab Group, WebAuthn Credentials, Collection, Edge E Drop, Edge Hub App Usage, Edge Wallet, Edge Workspace, Encryption Keys}
{"logTime": "0518/233838", "correlationVector":"4rMk1eX4BfnNHE5naHz4sV.1","action":"SyncServerConnectionManagerRequest", "result":"SYNC_SERVER_OK", "context":{"environment":"Prod_centralus_prod-s01-068-nam-centralus", "migrationStage":"NotStarted", "server":"akswtt004000000"}}
{"logTime": "0518/233838", "correlationVector":"4rMk1eX4BfnNHE5naHz4sV.2","action":"GetUpdates Response", "result":"Success", "context":Received 0 update(s). cV=4rMk1eX4BfnNHE5naHz4sV.0;server=akswtt004000000;cloudType=Consumer;environment=Prod_centralus_prod-s01-068-nam-centralus;migrationStage=NotStarted}
{"logTime": "0518/233838", "correlationVector":"Z9Wd+UgRjhiaVU3uXycnxp","action":"DoCompareDataConsistency requsted types: ", "result":"Bookmarks, Preferences, Passwords, Extensions, Extension settings, History Delete Directives, Send Tab To Self, Web Apps, History, Saved Tab Group, WebAuthn Credentials, Collection, Edge E Drop, Edge Wallet, Edge Workspace, Encryption Keys"}
{"logTime": "0518/233838", "correlationVector":"Z9Wd+UgRjhiaVU3uXycnxp.0","action":"CompareDataConsistency result: ", "result":"Compare result: Encryption Keys is consistent. local entities count is: 1 local entities hash is: PJcB8o/TNsFtew3tVLBzhQY3xjQ="}
{"logTime": "0518/233838", "correlationVector":"Z9Wd+UgRjhiaVU3uXycnxp.1","action":"CompareDataConsistency result: ", "result":"Compare result: Bookmarks is consistent. local entities count is: 0 local entities hash is: "}
{"logTime": "0518/233838", "correlationVector":"Z9Wd+UgRjhiaVU3uXycnxp.2","action":"CompareDataConsistency result: ", "result":"Compare result: Preferences is consistent. local entities count is: 77 local entities hash is: FyOL5kUaT7GaqJ0anWQlT3ctT7k="}
{"logTime": "0518/233838", "correlationVector":"Z9Wd+UgRjhiaVU3uXycnxp.3","action":"CompareDataConsistency result: ", "result":"Compare result: Extensions is consistent. local entities count is: 0 local entities hash is: "}
{"logTime": "0518/233838", "correlationVector":"Z9Wd+UgRjhiaVU3uXycnxp.4","action":"CompareDataConsistency result: ", "result":"Compare result: Extension settings is consistent. local entities count is: 0 local entities hash is: "}
{"logTime": "0518/233838", "correlationVector":"Z9Wd+UgRjhiaVU3uXycnxp.5","action":"CompareDataConsistency result: ", "result":"Compare result: History Delete Directives is consistent. local entities count is: 0 local entities hash is: "}
{"logTime": "0518/233838", "correlationVector":"Z9Wd+UgRjhiaVU3uXycnxp.6","action":"CompareDataConsistency result: ", "result":"Server did not send this Send Tab To Self local entities count is: 0 local entities hash is: "}
{"logTime": "0518/233838", "correlationVector":"Z9Wd+UgRjhiaVU3uXycnxp.7","action":"CompareDataConsistency result: ", "result":"Compare result: Web Apps is consistent. local entities count is: 0 local entities hash is: "}
{"logTime": "0518/233838", "correlationVector":"Z9Wd+UgRjhiaVU3uXycnxp.8","action":"CompareDataConsistency result: ", "result":"Server did not send this History local entities count is: 0 local entities hash is: "}
{"logTime": "0518/233838", "correlationVector":"Z9Wd+UgRjhiaVU3uXycnxp.9","action":"CompareDataConsistency result: ", "result":"Compare result: Saved Tab Group is consistent. local entities count is: 0 local entities hash is: "}
{"logTime": "0518/233838", "correlationVector":"Z9Wd+UgRjhiaVU3uXycnxp.10","action":"CompareDataConsistency result: ", "result":"Server did not send this WebAuthn Credentials local entities count is: 0 local entities hash is: "}
{"logTime": "0518/233838", "correlationVector":"Z9Wd+UgRjhiaVU3uXycnxp.11","action":"CompareDataConsistency result: ", "result":"Compare result: Collection is consistent. local entities count is: 0 local entities hash is: "}
{"logTime": "0518/233838", "correlationVector":"Z9Wd+UgRjhiaVU3uXycnxp.12","action":"CompareDataConsistency result: ", "result":"Compare result: Edge E Drop is consistent. local entities count is: 0 local entities hash is: "}
{"logTime": "0518/233838", "correlationVector":"Z9Wd+UgRjhiaVU3uXycnxp.13","action":"CompareDataConsistency result: ", "result":"Compare result: Edge Wallet is consistent. local entities count is: 0 local entities hash is: "}
{"logTime": "0518/233838", "correlationVector":"Z9Wd+UgRjhiaVU3uXycnxp.14","action":"CompareDataConsistency result: ", "result":"Server did not send this Edge Workspace local entities count is: 0 local entities hash is: "}
{"logTime": "0518/233838", "correlationVector":"Z9Wd+UgRjhiaVU3uXycnxp.15","action":"CompareDataConsistency result: ", "result":"Compare result: Passwords is consistent. local entities count is: 2 local entities hash is: bSCG+76b2O0ogl1YWQHj+UGLVV8="}
{"logTime": "0518/233838", "correlationVector":"NH0qtK1O0mRy7h6N4zjEaa","action":"Commit Request", "result":"", "context":Item count: 4
Contributing types: Sessions, Device Info, User Consents}
{"logTime": "0518/233839", "correlationVector":"NH0qtK1O0mRy7h6N4zjEaa.1","action":"SyncServerConnectionManagerRequest", "result":"SYNC_SERVER_OK", "context":{"environment":"Prod_centralus_prod-s01-068-nam-centralus", "migrationStage":"NotStarted", "server":"akswtt00400000f"}}
{"logTime": "0518/233839", "correlationVector":"NH0qtK1O0mRy7h6N4zjEaa.2","action":"Commit Response", "result":"Success", "context":Result: Success. cV=NH0qtK1O0mRy7h6N4zjEaa.0;server=akswtt00400000f;cloudType=Consumer;environment=Prod_centralus_prod-s01-068-nam-centralus;migrationStage=NotStarted}
{"logTime": "0518/233839", "correlationVector":"","action":"DIAGNOSTIC_REQUEST|v1/diagnosticData/Diagnostic.SendCheckResult()|SUCCESS", "result":""}
{"logTime": "0518/233839", "correlationVector":"irI/kAVEddCE3L4b+qe4zT","action":"Commit Request", "result":"", "context":Item count: 3
Contributing types: Preferences, Passwords}
{"logTime": "0518/233839", "correlationVector":"irI/kAVEddCE3L4b+qe4zT.1","action":"SyncServerConnectionManagerRequest", "result":"SYNC_SERVER_OK", "context":{"environment":"Prod_centralus_prod-s01-068-nam-centralus", "migrationStage":"NotStarted", "server":"akswtt00400000v"}}
{"logTime": "0518/233839", "correlationVector":"irI/kAVEddCE3L4b+qe4zT.2","action":"Commit Response", "result":"Success", "context":Result: Success. cV=irI/kAVEddCE3L4b+qe4zT.0;server=akswtt00400000v;cloudType=Consumer;environment=Prod_centralus_prod-s01-068-nam-centralus;migrationStage=NotStarted}
{"logTime": "0518/233931", "correlationVector":"6ClkONCopfpDY9Gqiwc8LW","action":"Commit Request", "result":"", "context":Item count: 4
Contributing types: Passwords, Sessions, History}
{"logTime": "0518/233932", "correlationVector":"6ClkONCopfpDY9Gqiwc8LW.1","action":"SyncServerConnectionManagerRequest", "result":"SYNC_SERVER_OK", "context":{"environment":"Prod_centralus_prod-s01-068-nam-centralus", "migrationStage":"NotStarted", "server":"akswtt004000000"}}
{"logTime": "0518/233932", "correlationVector":"6ClkONCopfpDY9Gqiwc8LW.2","action":"Commit Response", "result":"Success", "context":Result: Success. cV=6ClkONCopfpDY9Gqiwc8LW.0;server=akswtt004000000;cloudType=Consumer;environment=Prod_centralus_prod-s01-068-nam-centralus;migrationStage=NotStarted}
